<?xml version="1.0" encoding="UTF-8"?>
<!-- Generated by org.testng.reporters.JUnitReportReporter -->
<testsuite hostname="DESKTOP-3O6IDQ0" failures="0" tests="2" name="com.eva.vtiger.testscripts.TestingTestng" time="11.285" errors="0" timestamp="2023-10-28T18:58:26 IST" skipped="0">
  <testcase classname="com.eva.vtiger.testscripts.TestingTestng" name="test1" time="5.614"/>
  <testcase classname="com.eva.vtiger.testscripts.TestingTestng" name="test2" time="5.671"/>
</testsuite> <!-- com.eva.vtiger.testscripts.TestingTestng -->
