<?xml version="1.0" encoding="UTF-8"?>
<!-- Generated by org.testng.reporters.JUnitReportReporter -->
<testsuite hostname="DESKTOP-3O6IDQ0" failures="0" tests="3" name="com.eva.vtiger.testscripts.MarketingLeadsTestScripts" time="90.899" errors="0" timestamp="2024-01-20T16:01:07 IST" skipped="0">
  <testcase classname="com.eva.vtiger.testscripts.MarketingLeadsTestScripts" name="verifyVT007SearchLeads" time="29.488"/>
  <testcase classname="com.eva.vtiger.testscripts.MarketingLeadsTestScripts" name="verifyVT008CreateLeads" time="30.705"/>
  <testcase classname="com.eva.vtiger.testscripts.MarketingLeadsTestScripts" name="verifyVT009DeleteLead" time="30.706"/>
</testsuite> <!-- com.eva.vtiger.testscripts.MarketingLeadsTestScripts -->
