<?xml version="1.0" encoding="UTF-8"?>
<!-- Generated by org.testng.reporters.JUnitReportReporter -->
<testsuite hostname="DESKTOP-3O6IDQ0" failures="0" tests="3" name="com.eva.vtiger.testscripts.MarketingAccountTestScripts" time="99.870" errors="0" timestamp="2024-01-20T16:01:07 IST" skipped="0">
  <testcase classname="com.eva.vtiger.testscripts.MarketingAccountTestScripts" name="verifyVT001CreateAccount" time="36.574"/>
  <testcase classname="com.eva.vtiger.testscripts.MarketingAccountTestScripts" name="verifyVT002DeleteAccount" time="33.251"/>
  <testcase classname="com.eva.vtiger.testscripts.MarketingAccountTestScripts" name="verifyVT004DuplicateAccount" time="30.045"/>
</testsuite> <!-- com.eva.vtiger.testscripts.MarketingAccountTestScripts -->
